2026-04-02 02:44:52,345 [INFO] ML token renovado.
2026-04-02 16:40:28,801 [INFO] ML token renovado.
2026-04-02 23:01:45,014 [INFO] ML token renovado.
2026-04-03 02:24:48,978 [INFO] ============================================================
2026-04-03 02:24:48,979 [INFO] INICIO DE CICLO  (ML -> WOO)
2026-04-03 02:24:48,979 [INFO] ============================================================
2026-04-03 02:24:48,989 [INFO] Sincronizando productos ML -> Woo...
2026-04-03 02:36:26,954 [INFO] ML→WOO órdenes: desde última hora...
2026-04-03 02:36:27,267 [INFO]   0 órdenes ML a procesar.
2026-04-03 02:36:27,291 [INFO] FIN DE CICLO

2026-04-03 02:41:27,295 [INFO] ============================================================
2026-04-03 02:41:27,295 [INFO] INICIO DE CICLO  (ML -> WOO)
2026-04-03 02:41:27,295 [INFO] ============================================================
2026-04-03 02:41:27,295 [INFO] Sincronizando productos ML -> Woo...
2026-04-03 02:52:27,772 [INFO] ML→WOO órdenes: desde 2026-04-03T02:36:27.267521Z...
2026-04-03 02:52:28,114 [INFO]   0 órdenes ML a procesar.
2026-04-03 02:52:28,147 [INFO] FIN DE CICLO

2026-04-03 02:57:28,151 [INFO] ============================================================
2026-04-03 02:57:28,151 [INFO] INICIO DE CICLO  (ML -> WOO)
2026-04-03 02:57:28,151 [INFO] ============================================================
2026-04-03 02:57:28,151 [INFO] Sincronizando productos ML -> Woo...
2026-04-03 03:08:27,192 [INFO] ML→WOO órdenes: desde 2026-04-03T02:52:28.115033Z...
2026-04-03 03:08:27,545 [INFO]   0 órdenes ML a procesar.
2026-04-03 03:08:27,578 [INFO] FIN DE CICLO

2026-04-03 03:13:27,582 [INFO] ============================================================
2026-04-03 03:13:27,582 [INFO] INICIO DE CICLO  (ML -> WOO)
2026-04-03 03:13:27,582 [INFO] ============================================================
2026-04-03 03:13:27,582 [INFO] Sincronizando productos ML -> Woo...
2026-04-03 03:19:40,986 [INFO] ML→WOO órdenes: desde 2026-04-03T03:08:27.545941Z...
2026-04-03 03:19:41,288 [INFO]   0 órdenes ML a procesar.
2026-04-03 03:19:41,311 [INFO] FIN DE CICLO

2026-04-03 03:23:36,907 [INFO] ============================================================
2026-04-03 03:23:36,908 [INFO] INICIO DE CICLO  (ML -> WOO)
2026-04-03 03:23:36,908 [INFO] ============================================================
2026-04-03 03:23:36,926 [INFO] Sincronizando productos ML -> Woo...
2026-04-03 03:36:49,970 [INFO] ============================================================
2026-04-03 03:36:49,970 [INFO] INICIO DE CICLO  (ML -> WOO)
2026-04-03 03:36:49,970 [INFO] ============================================================
2026-04-03 03:36:49,980 [INFO] Sincronizando productos ML -> Woo...
2026-04-03 04:16:49,678 [INFO] ============================================================
2026-04-03 04:16:49,678 [INFO] INICIO DE CICLO  (ML -> WOO)
2026-04-03 04:16:49,678 [INFO] ============================================================
2026-04-03 04:16:49,698 [INFO] Sincronizando productos ML -> Woo...
2026-04-03 04:28:09,381 [INFO] ML→WOO órdenes: desde 2026-04-03T03:19:41.288739Z...
2026-04-03 04:28:09,683 [INFO]   0 órdenes ML a procesar.
2026-04-03 04:28:09,710 [INFO] FIN DE CICLO

2026-04-03 04:33:09,714 [INFO] ============================================================
2026-04-03 04:33:09,714 [INFO] INICIO DE CICLO  (ML -> WOO)
2026-04-03 04:33:09,714 [INFO] ============================================================
2026-04-03 04:33:09,714 [INFO] Sincronizando productos ML -> Woo...
2026-04-03 04:44:19,530 [INFO] ML→WOO órdenes: desde 2026-04-03T04:28:09.683902Z...
2026-04-03 04:44:19,869 [INFO]   0 órdenes ML a procesar.
2026-04-03 04:44:19,985 [INFO] FIN DE CICLO

2026-04-03 04:49:19,989 [INFO] ============================================================
2026-04-03 04:49:19,990 [INFO] INICIO DE CICLO  (ML -> WOO)
2026-04-03 04:49:19,990 [INFO] ============================================================
2026-04-03 04:49:19,990 [INFO] Sincronizando productos ML -> Woo...
2026-04-03 05:00:12,547 [INFO] ML→WOO órdenes: desde 2026-04-03T04:44:19.870169Z...
2026-04-03 05:00:12,864 [INFO]   0 órdenes ML a procesar.
2026-04-03 05:00:12,896 [INFO] FIN DE CICLO

2026-04-03 05:05:12,899 [INFO] ============================================================
2026-04-03 05:05:12,899 [INFO] INICIO DE CICLO  (ML -> WOO)
2026-04-03 05:05:12,899 [INFO] ============================================================
2026-04-03 05:05:12,900 [INFO] Sincronizando productos ML -> Woo...
2026-04-03 05:05:13,783 [INFO] ML token renovado.
2026-04-03 05:16:31,016 [INFO] ML→WOO órdenes: desde 2026-04-03T05:00:12.864845Z...
2026-04-03 05:16:31,878 [INFO] ML token renovado.
2026-04-03 05:16:32,061 [INFO]   0 órdenes ML a procesar.
2026-04-03 05:16:32,141 [INFO] FIN DE CICLO

2026-04-03 05:21:32,145 [INFO] ============================================================
2026-04-03 05:21:32,146 [INFO] INICIO DE CICLO  (ML -> WOO)
2026-04-03 05:21:32,146 [INFO] ============================================================
2026-04-03 05:21:32,146 [INFO] Sincronizando productos ML -> Woo...
2026-04-03 05:32:45,976 [INFO] ML→WOO órdenes: desde 2026-04-03T05:16:32.062047Z...
2026-04-03 05:32:46,280 [INFO]   0 órdenes ML a procesar.
2026-04-03 05:32:46,312 [INFO] FIN DE CICLO

2026-04-03 05:37:46,315 [INFO] ============================================================
2026-04-03 05:37:46,316 [INFO] INICIO DE CICLO  (ML -> WOO)
2026-04-03 05:37:46,316 [INFO] ============================================================
2026-04-03 05:37:46,316 [INFO] Sincronizando productos ML -> Woo...
2026-04-03 05:48:56,363 [INFO] ML→WOO órdenes: desde 2026-04-03T05:32:46.280636Z...
2026-04-03 05:48:56,701 [INFO]   0 órdenes ML a procesar.
2026-04-03 05:48:56,735 [INFO] FIN DE CICLO

2026-04-03 05:53:56,738 [INFO] ============================================================
2026-04-03 05:53:56,738 [INFO] INICIO DE CICLO  (ML -> WOO)
2026-04-03 05:53:56,738 [INFO] ============================================================
2026-04-03 05:53:56,738 [INFO] Sincronizando productos ML -> Woo...
2026-04-03 06:05:33,513 [INFO] ML→WOO órdenes: desde 2026-04-03T05:48:56.701659Z...
2026-04-03 06:05:33,828 [INFO]   0 órdenes ML a procesar.
2026-04-03 06:05:33,854 [INFO] FIN DE CICLO

2026-04-03 06:10:33,857 [INFO] ============================================================
2026-04-03 06:10:33,858 [INFO] INICIO DE CICLO  (ML -> WOO)
2026-04-03 06:10:33,858 [INFO] ============================================================
2026-04-03 06:10:33,858 [INFO] Sincronizando productos ML -> Woo...
2026-04-03 06:22:13,817 [INFO] ML→WOO órdenes: desde 2026-04-03T06:05:33.828260Z...
2026-04-03 06:22:14,063 [INFO]   0 órdenes ML a procesar.
2026-04-03 06:22:14,090 [INFO] FIN DE CICLO

2026-04-03 06:27:14,093 [INFO] ============================================================
2026-04-03 06:27:14,094 [INFO] INICIO DE CICLO  (ML -> WOO)
2026-04-03 06:27:14,094 [INFO] ============================================================
2026-04-03 06:27:14,094 [INFO] Sincronizando productos ML -> Woo...
2026-04-03 06:39:11,486 [INFO] ML→WOO órdenes: desde 2026-04-03T06:22:14.063313Z...
2026-04-03 06:39:11,789 [INFO]   0 órdenes ML a procesar.
2026-04-03 06:39:11,798 [INFO] FIN DE CICLO

2026-04-03 06:44:11,802 [INFO] ============================================================
2026-04-03 06:44:11,802 [INFO] INICIO DE CICLO  (ML -> WOO)
2026-04-03 06:44:11,802 [INFO] ============================================================
2026-04-03 06:44:11,802 [INFO] Sincronizando productos ML -> Woo...
2026-04-03 06:55:59,466 [INFO] ML→WOO órdenes: desde 2026-04-03T06:39:11.789334Z...
2026-04-03 06:55:59,804 [INFO]   0 órdenes ML a procesar.
2026-04-03 06:55:59,833 [INFO] FIN DE CICLO

2026-04-03 07:00:59,837 [INFO] ============================================================
2026-04-03 07:00:59,837 [INFO] INICIO DE CICLO  (ML -> WOO)
2026-04-03 07:00:59,837 [INFO] ============================================================
2026-04-03 07:00:59,838 [INFO] Sincronizando productos ML -> Woo...
2026-04-03 07:12:21,176 [INFO] ML→WOO órdenes: desde 2026-04-03T06:55:59.804715Z...
2026-04-03 07:12:21,491 [INFO]   0 órdenes ML a procesar.
2026-04-03 07:12:21,518 [INFO] FIN DE CICLO

2026-04-03 07:17:21,522 [INFO] ============================================================
2026-04-03 07:17:21,522 [INFO] INICIO DE CICLO  (ML -> WOO)
2026-04-03 07:17:21,522 [INFO] ============================================================
2026-04-03 07:17:21,522 [INFO] Sincronizando productos ML -> Woo...
2026-04-03 07:28:55,714 [INFO] ML→WOO órdenes: desde 2026-04-03T07:12:21.491693Z...
2026-04-03 07:28:56,055 [INFO]   0 órdenes ML a procesar.
2026-04-03 07:28:56,086 [INFO] FIN DE CICLO

2026-04-03 07:33:56,090 [INFO] ============================================================
2026-04-03 07:33:56,090 [INFO] INICIO DE CICLO  (ML -> WOO)
2026-04-03 07:33:56,090 [INFO] ============================================================
2026-04-03 07:33:56,090 [INFO] Sincronizando productos ML -> Woo...
2026-04-03 07:45:27,478 [INFO] ML→WOO órdenes: desde 2026-04-03T07:28:56.055771Z...
2026-04-03 07:45:27,833 [INFO]   0 órdenes ML a procesar.
2026-04-03 07:45:27,865 [INFO] FIN DE CICLO

2026-04-03 07:50:27,869 [INFO] ============================================================
2026-04-03 07:50:27,869 [INFO] INICIO DE CICLO  (ML -> WOO)
2026-04-03 07:50:27,869 [INFO] ============================================================
2026-04-03 07:50:27,869 [INFO] Sincronizando productos ML -> Woo...
2026-04-03 08:02:06,839 [INFO] ML→WOO órdenes: desde 2026-04-03T07:45:27.833490Z...
2026-04-03 08:02:07,192 [INFO]   0 órdenes ML a procesar.
2026-04-03 08:02:07,218 [INFO] FIN DE CICLO

2026-04-03 08:07:07,222 [INFO] ============================================================
2026-04-03 08:07:07,222 [INFO] INICIO DE CICLO  (ML -> WOO)
2026-04-03 08:07:07,222 [INFO] ============================================================
2026-04-03 08:07:07,222 [INFO] Sincronizando productos ML -> Woo...
2026-04-03 08:18:38,921 [INFO] ML→WOO órdenes: desde 2026-04-03T08:02:07.193092Z...
2026-04-03 08:18:39,280 [INFO]   0 órdenes ML a procesar.
2026-04-03 08:18:39,311 [INFO] FIN DE CICLO

2026-04-03 08:23:39,315 [INFO] ============================================================
2026-04-03 08:23:39,315 [INFO] INICIO DE CICLO  (ML -> WOO)
2026-04-03 08:23:39,315 [INFO] ============================================================
2026-04-03 08:23:39,315 [INFO] Sincronizando productos ML -> Woo...
2026-04-03 08:35:23,835 [INFO] ML→WOO órdenes: desde 2026-04-03T08:18:39.280454Z...
2026-04-03 08:35:24,138 [INFO]   0 órdenes ML a procesar.
2026-04-03 08:35:24,157 [INFO] FIN DE CICLO

2026-04-03 08:40:24,163 [INFO] ============================================================
2026-04-03 08:40:24,163 [INFO] INICIO DE CICLO  (ML -> WOO)
2026-04-03 08:40:24,163 [INFO] ============================================================
2026-04-03 08:40:24,163 [INFO] Sincronizando productos ML -> Woo...
2026-04-03 08:52:09,359 [INFO] ML→WOO órdenes: desde 2026-04-03T08:35:24.138345Z...
2026-04-03 08:52:09,721 [INFO]   0 órdenes ML a procesar.
2026-04-03 08:52:09,730 [INFO] FIN DE CICLO

2026-04-03 08:57:09,734 [INFO] ============================================================
2026-04-03 08:57:09,735 [INFO] INICIO DE CICLO  (ML -> WOO)
2026-04-03 08:57:09,735 [INFO] ============================================================
2026-04-03 08:57:09,735 [INFO] Sincronizando productos ML -> Woo...
2026-04-03 09:09:22,378 [INFO] ML→WOO órdenes: desde 2026-04-03T08:52:09.721695Z...
2026-04-03 09:09:22,728 [INFO]   0 órdenes ML a procesar.
2026-04-03 09:09:22,746 [INFO] FIN DE CICLO

2026-04-03 09:14:22,750 [INFO] ============================================================
2026-04-03 09:14:22,751 [INFO] INICIO DE CICLO  (ML -> WOO)
2026-04-03 09:14:22,751 [INFO] ============================================================
2026-04-03 09:14:22,751 [INFO] Sincronizando productos ML -> Woo...
2026-04-03 09:26:59,395 [INFO] ML→WOO órdenes: desde 2026-04-03T09:09:22.728692Z...
2026-04-03 09:26:59,699 [INFO]   0 órdenes ML a procesar.
2026-04-03 09:26:59,724 [INFO] FIN DE CICLO

2026-04-03 09:31:59,728 [INFO] ============================================================
2026-04-03 09:31:59,728 [INFO] INICIO DE CICLO  (ML -> WOO)
2026-04-03 09:31:59,729 [INFO] ============================================================
2026-04-03 09:31:59,729 [INFO] Sincronizando productos ML -> Woo...
2026-04-03 09:44:23,469 [INFO] ML→WOO órdenes: desde 2026-04-03T09:26:59.699337Z...
2026-04-03 09:44:23,813 [INFO]   0 órdenes ML a procesar.
2026-04-03 09:44:23,836 [INFO] FIN DE CICLO

2026-04-03 09:49:23,840 [INFO] ============================================================
2026-04-03 09:49:23,840 [INFO] INICIO DE CICLO  (ML -> WOO)
2026-04-03 09:49:23,840 [INFO] ============================================================
2026-04-03 09:49:23,840 [INFO] Sincronizando productos ML -> Woo...
2026-04-03 10:02:17,479 [INFO] ML→WOO órdenes: desde 2026-04-03T09:44:23.813285Z...
2026-04-03 10:02:17,797 [INFO]   0 órdenes ML a procesar.
2026-04-03 10:02:17,821 [INFO] FIN DE CICLO

2026-04-03 10:07:17,825 [INFO] ============================================================
2026-04-03 10:07:17,826 [INFO] INICIO DE CICLO  (ML -> WOO)
2026-04-03 10:07:17,826 [INFO] ============================================================
2026-04-03 10:07:17,826 [INFO] Sincronizando productos ML -> Woo...
2026-04-03 10:19:42,713 [INFO] ML→WOO órdenes: desde 2026-04-03T10:02:17.798166Z...
2026-04-03 10:19:43,052 [INFO]   0 órdenes ML a procesar.
2026-04-03 10:19:43,077 [INFO] FIN DE CICLO

2026-04-03 10:24:43,082 [INFO] ============================================================
2026-04-03 10:24:43,082 [INFO] INICIO DE CICLO  (ML -> WOO)
2026-04-03 10:24:43,082 [INFO] ============================================================
2026-04-03 10:24:43,082 [INFO] Sincronizando productos ML -> Woo...
2026-04-03 10:37:10,327 [INFO] ML→WOO órdenes: desde 2026-04-03T10:19:43.052692Z...
2026-04-03 10:37:10,670 [INFO]   0 órdenes ML a procesar.
2026-04-03 10:37:10,692 [INFO] FIN DE CICLO

2026-04-03 10:42:10,700 [INFO] ============================================================
2026-04-03 10:42:10,701 [INFO] INICIO DE CICLO  (ML -> WOO)
2026-04-03 10:42:10,701 [INFO] ============================================================
2026-04-03 10:42:10,701 [INFO] Sincronizando productos ML -> Woo...
2026-04-03 10:54:50,182 [INFO] ML→WOO órdenes: desde 2026-04-03T10:37:10.672047Z...
2026-04-03 10:54:50,517 [INFO]   0 órdenes ML a procesar.
2026-04-03 10:54:50,525 [INFO] FIN DE CICLO

2026-04-03 10:59:50,529 [INFO] ============================================================
2026-04-03 10:59:50,530 [INFO] INICIO DE CICLO  (ML -> WOO)
2026-04-03 10:59:50,530 [INFO] ============================================================
2026-04-03 10:59:50,530 [INFO] Sincronizando productos ML -> Woo...
2026-04-03 11:12:32,322 [INFO] ML→WOO órdenes: desde 2026-04-03T10:54:50.518062Z...
2026-04-03 11:12:32,625 [INFO]   0 órdenes ML a procesar.
2026-04-03 11:12:32,634 [INFO] FIN DE CICLO

2026-04-03 11:17:32,638 [INFO] ============================================================
2026-04-03 11:17:32,638 [INFO] INICIO DE CICLO  (ML -> WOO)
2026-04-03 11:17:32,638 [INFO] ============================================================
2026-04-03 11:17:32,638 [INFO] Sincronizando productos ML -> Woo...
2026-04-03 11:17:33,488 [INFO] ML token renovado.
2026-04-03 11:30:14,085 [INFO] ML→WOO órdenes: desde 2026-04-03T11:12:32.626097Z...
2026-04-03 11:30:14,923 [INFO] ML token renovado.
2026-04-03 11:30:15,113 [INFO]   0 órdenes ML a procesar.
2026-04-03 11:30:15,137 [INFO] FIN DE CICLO

2026-04-03 11:35:15,141 [INFO] ============================================================
2026-04-03 11:35:15,141 [INFO] INICIO DE CICLO  (ML -> WOO)
2026-04-03 11:35:15,142 [INFO] ============================================================
2026-04-03 11:35:15,142 [INFO] Sincronizando productos ML -> Woo...
2026-04-03 11:48:00,545 [INFO] ML→WOO órdenes: desde 2026-04-03T11:30:15.113630Z...
2026-04-03 11:48:00,850 [INFO]   0 órdenes ML a procesar.
2026-04-03 11:48:00,880 [INFO] FIN DE CICLO

2026-04-03 11:53:00,885 [INFO] ============================================================
2026-04-03 11:53:00,885 [INFO] INICIO DE CICLO  (ML -> WOO)
2026-04-03 11:53:00,885 [INFO] ============================================================
2026-04-03 11:53:00,885 [INFO] Sincronizando productos ML -> Woo...
2026-04-03 12:05:49,389 [INFO] ML→WOO órdenes: desde 2026-04-03T11:48:00.850948Z...
2026-04-03 12:05:49,695 [INFO]   0 órdenes ML a procesar.
2026-04-03 12:05:49,726 [INFO] FIN DE CICLO

2026-04-03 12:10:49,730 [INFO] ============================================================
2026-04-03 12:10:49,731 [INFO] INICIO DE CICLO  (ML -> WOO)
2026-04-03 12:10:49,731 [INFO] ============================================================
2026-04-03 12:10:49,731 [INFO] Sincronizando productos ML -> Woo...
2026-04-03 12:23:43,666 [INFO] ML→WOO órdenes: desde 2026-04-03T12:05:49.695311Z...
2026-04-03 12:23:43,931 [INFO]   0 órdenes ML a procesar.
2026-04-03 12:23:43,960 [INFO] FIN DE CICLO

2026-04-03 12:28:43,965 [INFO] ============================================================
2026-04-03 12:28:43,965 [INFO] INICIO DE CICLO  (ML -> WOO)
2026-04-03 12:28:43,965 [INFO] ============================================================
2026-04-03 12:28:43,965 [INFO] Sincronizando productos ML -> Woo...
2026-04-03 12:42:14,421 [INFO] ML→WOO órdenes: desde 2026-04-03T12:23:43.931411Z...
2026-04-03 12:42:14,724 [INFO]   0 órdenes ML a procesar.
2026-04-03 12:42:14,752 [INFO] FIN DE CICLO

2026-04-03 12:47:14,756 [INFO] ============================================================
2026-04-03 12:47:14,756 [INFO] INICIO DE CICLO  (ML -> WOO)
2026-04-03 12:47:14,756 [INFO] ============================================================
2026-04-03 12:47:14,756 [INFO] Sincronizando productos ML -> Woo...
2026-04-03 13:00:20,599 [INFO] ML→WOO órdenes: desde 2026-04-03T12:42:14.724573Z...
2026-04-03 13:00:20,913 [INFO]   0 órdenes ML a procesar.
2026-04-03 13:00:20,938 [INFO] FIN DE CICLO

2026-04-03 13:05:20,942 [INFO] ============================================================
2026-04-03 13:05:20,943 [INFO] INICIO DE CICLO  (ML -> WOO)
2026-04-03 13:05:20,943 [INFO] ============================================================
2026-04-03 13:05:20,943 [INFO] Sincronizando productos ML -> Woo...
2026-04-03 13:18:58,170 [INFO] ML→WOO órdenes: desde 2026-04-03T13:00:20.913417Z...
2026-04-03 13:18:58,799 [INFO]   0 órdenes ML a procesar.
2026-04-03 13:18:58,822 [INFO] FIN DE CICLO

2026-04-03 13:23:58,826 [INFO] ============================================================
2026-04-03 13:23:58,827 [INFO] INICIO DE CICLO  (ML -> WOO)
2026-04-03 13:23:58,827 [INFO] ============================================================
2026-04-03 13:23:58,827 [INFO] Sincronizando productos ML -> Woo...
2026-04-03 13:37:27,066 [INFO] ML→WOO órdenes: desde 2026-04-03T13:18:58.799573Z...
2026-04-03 13:37:27,640 [INFO]   0 órdenes ML a procesar.
2026-04-03 13:37:27,666 [INFO] FIN DE CICLO

2026-04-03 13:42:27,670 [INFO] ============================================================
2026-04-03 13:42:27,670 [INFO] INICIO DE CICLO  (ML -> WOO)
2026-04-03 13:42:27,670 [INFO] ============================================================
2026-04-03 13:42:27,670 [INFO] Sincronizando productos ML -> Woo...
2026-04-03 13:56:01,841 [INFO] ML→WOO órdenes: desde 2026-04-03T13:37:27.640376Z...
2026-04-03 13:56:02,189 [INFO]   0 órdenes ML a procesar.
2026-04-03 13:56:02,214 [INFO] FIN DE CICLO

2026-04-03 14:01:02,219 [INFO] ============================================================
2026-04-03 14:01:02,219 [INFO] INICIO DE CICLO  (ML -> WOO)
2026-04-03 14:01:02,219 [INFO] ============================================================
2026-04-03 14:01:02,219 [INFO] Sincronizando productos ML -> Woo...
2026-04-03 14:15:18,094 [INFO] ML→WOO órdenes: desde 2026-04-03T13:56:02.189535Z...
2026-04-03 14:15:18,399 [INFO]   0 órdenes ML a procesar.
2026-04-03 14:15:18,423 [INFO] FIN DE CICLO

2026-04-03 14:20:18,427 [INFO] ============================================================
2026-04-03 14:20:18,427 [INFO] INICIO DE CICLO  (ML -> WOO)
2026-04-03 14:20:18,427 [INFO] ============================================================
2026-04-03 14:20:18,427 [INFO] Sincronizando productos ML -> Woo...
2026-04-03 14:34:31,225 [INFO] ML→WOO órdenes: desde 2026-04-03T14:15:18.399271Z...
2026-04-03 14:34:31,546 [INFO]   0 órdenes ML a procesar.
2026-04-03 14:34:31,572 [INFO] FIN DE CICLO

2026-04-03 14:39:31,577 [INFO] ============================================================
2026-04-03 14:39:31,577 [INFO] INICIO DE CICLO  (ML -> WOO)
2026-04-03 14:39:31,577 [INFO] ============================================================
2026-04-03 14:39:31,577 [INFO] Sincronizando productos ML -> Woo...
2026-04-03 14:53:07,498 [INFO] ML→WOO órdenes: desde 2026-04-03T14:34:31.546636Z...
2026-04-03 14:53:07,812 [INFO]   0 órdenes ML a procesar.
2026-04-03 14:53:07,844 [INFO] FIN DE CICLO

2026-04-03 14:58:07,848 [INFO] ============================================================
2026-04-03 14:58:07,848 [INFO] INICIO DE CICLO  (ML -> WOO)
2026-04-03 14:58:07,848 [INFO] ============================================================
2026-04-03 14:58:07,848 [INFO] Sincronizando productos ML -> Woo...
2026-04-03 15:12:00,105 [INFO] ML→WOO órdenes: desde 2026-04-03T14:53:07.812519Z...
2026-04-03 15:12:00,746 [INFO]   0 órdenes ML a procesar.
2026-04-03 15:12:00,777 [INFO] FIN DE CICLO

2026-04-03 15:17:00,782 [INFO] ============================================================
2026-04-03 15:17:00,782 [INFO] INICIO DE CICLO  (ML -> WOO)
2026-04-03 15:17:00,782 [INFO] ============================================================
2026-04-03 15:17:00,782 [INFO] Sincronizando productos ML -> Woo...
2026-04-03 15:30:44,790 [INFO] ML→WOO órdenes: desde 2026-04-03T15:12:00.747123Z...
2026-04-03 15:30:45,093 [INFO]   0 órdenes ML a procesar.
2026-04-03 15:30:45,123 [INFO] FIN DE CICLO

2026-04-03 15:35:45,128 [INFO] ============================================================
2026-04-03 15:35:45,128 [INFO] INICIO DE CICLO  (ML -> WOO)
2026-04-03 15:35:45,128 [INFO] ============================================================
2026-04-03 15:35:45,128 [INFO] Sincronizando productos ML -> Woo...
